2025-10-22 21:16:43,579 INFO Starting AI Assistant application
2025-10-22 21:16:43,580 INFO Rendering login page
2025-10-22 21:29:00,122 INFO Starting AI Assistant application
2025-10-22 21:29:00,122 INFO Rendering login page
2025-10-22 21:29:17,597 INFO Starting AI Assistant application
2025-10-22 21:29:17,598 INFO Rendering login page
2025-10-22 21:29:17,601 INFO User qwerwa logged in successfully
2025-10-22 21:29:17,628 INFO Starting AI Assistant application
2025-10-22 21:29:17,629 INFO Rendering main application interface
2025-10-22 21:29:17,635 INFO Rendering chat interface
2025-10-22 21:29:29,607 INFO Starting AI Assistant application
2025-10-22 21:29:29,607 INFO Rendering main application interface
2025-10-22 21:29:29,612 INFO Rendering chat interface
2025-10-22 21:29:31,213 INFO Starting AI Assistant application
2025-10-22 21:29:31,213 INFO Rendering main application interface
2025-10-22 21:29:31,219 INFO Rendering chat interface
2025-10-22 21:29:32,218 INFO Starting AI Assistant application
2025-10-22 21:29:32,218 INFO Rendering main application interface
2025-10-22 21:29:32,222 INFO Rendering chat interface
2025-10-22 21:29:32,925 INFO Starting AI Assistant application
2025-10-22 21:29:32,925 INFO Rendering main application interface
2025-10-22 21:29:32,931 INFO Rendering chat interface
2025-10-22 21:29:34,345 INFO Starting AI Assistant application
2025-10-22 21:29:34,345 INFO Rendering main application interface
2025-10-22 21:29:34,350 INFO Rendering chat interface
2025-10-22 21:29:38,256 INFO Starting AI Assistant application
2025-10-22 21:29:38,257 INFO Rendering main application interface
2025-10-22 21:29:38,262 INFO Rendering history interface
2025-10-22 21:29:40,604 INFO Starting AI Assistant application
2025-10-22 21:29:40,604 INFO Rendering main application interface
2025-10-22 21:29:40,610 INFO Rendering history interface
2025-10-22 21:29:42,674 INFO Starting AI Assistant application
2025-10-22 21:29:42,674 INFO Rendering main application interface
2025-10-22 21:29:42,676 INFO User logged out
2025-10-22 21:29:42,703 INFO Starting AI Assistant application
2025-10-22 21:29:42,703 INFO Rendering login page
2025-10-22 21:29:44,075 INFO Starting AI Assistant application
2025-10-22 21:29:44,075 INFO Rendering login page
2025-10-22 21:29:44,076 WARNING Login attempt with missing credentials
2025-10-22 21:29:46,768 INFO Starting AI Assistant application
2025-10-22 21:29:46,769 INFO Rendering login page
2025-10-22 21:29:46,771 INFO User sdfsd logged in successfully
2025-10-22 21:29:46,802 INFO Starting AI Assistant application
2025-10-22 21:29:46,804 INFO Rendering main application interface
2025-10-22 21:29:46,808 INFO Rendering history interface
2025-10-22 21:29:52,276 INFO Starting AI Assistant application
2025-10-22 21:29:52,278 INFO Rendering main application interface
2025-10-22 21:29:52,282 INFO Rendering chat interface
2025-10-22 21:29:53,872 INFO Starting AI Assistant application
2025-10-22 21:29:53,873 INFO Rendering main application interface
2025-10-22 21:29:53,879 INFO Rendering metrics interface
2025-10-22 21:29:53,920 INFO Starting AI Assistant application
2025-10-22 21:29:53,921 INFO Rendering main application interface
2025-10-22 21:29:53,925 INFO Rendering metrics interface
2025-10-22 21:30:01,332 INFO Starting AI Assistant application
2025-10-22 21:30:01,332 INFO Rendering main application interface
2025-10-22 21:30:01,337 INFO Rendering chat interface
2025-10-22 21:30:02,128 INFO Starting AI Assistant application
2025-10-22 21:30:02,129 INFO Rendering main application interface
2025-10-22 21:30:02,133 INFO Rendering metrics interface
2025-10-22 21:30:16,783 INFO Starting AI Assistant application
2025-10-22 21:30:16,784 INFO Rendering main application interface
2025-10-22 21:30:16,788 INFO Rendering chat interface
2025-10-22 21:30:39,561 INFO Starting AI Assistant application
2025-10-22 21:30:39,561 INFO Rendering main application interface
2025-10-22 21:30:39,566 INFO API key updated
2025-10-22 21:30:39,566 INFO Rendering chat interface
2025-10-22 21:42:00,842 INFO Starting AI Assistant application
2025-10-22 21:42:00,843 INFO Rendering login page
2025-10-22 21:42:04,507 INFO Starting AI Assistant application
2025-10-22 21:42:04,507 INFO Rendering login page
2025-10-22 21:42:04,510 INFO User sdfs logged in successfully
2025-10-22 21:42:04,540 INFO Starting AI Assistant application
2025-10-22 21:42:04,540 INFO Rendering main application interface
2025-10-22 21:42:04,544 INFO Rendering chat interface
2025-10-22 21:42:20,478 INFO Starting AI Assistant application
2025-10-22 21:42:20,478 INFO Rendering login page
